  [1m[35m (13.6ms)[0m  [1m[35mCREATE TABLE "schema_migrations" ("version" character varying PRIMARY KEY)[0m
  [1m[35m (22.9ms)[0m  [1m[35mCREATE TABLE "ar_internal_metadata" ("key" character varying PRIMARY KEY, "value" character varying, "created_at" timestamp NOT NULL, "updated_at" timestamp NOT NULL)[0m
  [1m[35m (0.2ms)[0m  [1m[34mSELECT pg_try_advisory_lock(8698490731321766340);[0m
  [1m[36mActiveRecord::SchemaMigration Load (0.4ms)[0m  [1m[34mSELECT "schema_migrations".* FROM "schema_migrations"[0m
Migrating to DeviseCreateUsers (20170504190229)
  [1m[35m (0.1ms)[0m  [1m[35mBEGIN[0m
  [1m[35m (19.0ms)[0m  [1m[35mCREATE TABLE "users" ("id" serial primary key, "email" character varying DEFAULT '' NOT NULL, "encrypted_password" character varying DEFAULT '' NOT NULL, "reset_password_token" character varying, "reset_password_sent_at" timestamp, "remember_created_at" timestamp, "sign_in_count" integer DEFAULT 0 NOT NULL, "current_sign_in_at" timestamp, "last_sign_in_at" timestamp, "current_sign_in_ip" inet, "last_sign_in_ip" inet, "created_at" timestamp NOT NULL, "updated_at" timestamp NOT NULL)[0m
  [1m[35m (0.6ms)[0m  [1m[35mCREATE UNIQUE INDEX  "index_users_on_email" ON "users"  ("email")[0m
  [1m[35m (0.5ms)[0m  [1m[35mCREATE UNIQUE INDEX  "index_users_on_reset_password_token" ON "users"  ("reset_password_token")[0m
  [1m[35mSQL (0.3ms)[0m  [1m[32mINSERT INTO "schema_migrations" ("version") VALUES ($1) RETURNING "version"[0m  [["version", "20170504190229"]]
  [1m[35m (0.3ms)[0m  [1m[35mCOMMIT[0m
  [1m[36mActiveRecord::InternalMetadata Load (0.3ms)[0m  [1m[34mSELECT  "ar_internal_metadata".* FROM "ar_internal_metadata" WHERE "ar_internal_metadata"."key" = $1 LIMIT $2[0m  [["key", :environment], ["LIMIT", 1]]
  [1m[35m (0.1ms)[0m  [1m[35mBEGIN[0m
  [1m[35mSQL (0.8ms)[0m  [1m[32mINSERT INTO "ar_internal_metadata" ("key", "value", "created_at", "updated_at") VALUES ($1, $2, $3, $4) RETURNING "key"[0m  [["key", "environment"], ["value", "development"], ["created_at", 2017-05-04 19:04:11 UTC], ["updated_at", 2017-05-04 19:04:11 UTC]]
  [1m[35m (0.2ms)[0m  [1m[35mCOMMIT[0m
  [1m[35m (0.3ms)[0m  [1m[34mSELECT pg_advisory_unlock(8698490731321766340)[0m
  [1m[36mActiveRecord::SchemaMigration Load (5.7ms)[0m  [1m[34mSELECT "schema_migrations".* FROM "schema_migrations"[0m
Started GET "/" for ::1 at 2017-05-04 15:30:47 -0400
  [1m[36mActiveRecord::SchemaMigration Load (6.4ms)[0m  [1m[34mSELECT "schema_migrations".* FROM "schema_migrations"[0m
Processing by ClientController#index as HTML
Completed 401 Unauthorized in 17ms (ActiveRecord: 0.0ms)


Started GET "/users/sign_in" for ::1 at 2017-05-04 15:30:47 -0400
Processing by Devise::SessionsController#new as HTML
  Rendering /Users/sungminnie/.rbenv/versions/2.4.1/lib/ruby/gems/2.4.0/gems/devise-4.2.1/app/views/devise/sessions/new.html.erb within layouts/application
  Rendered /Users/sungminnie/.rbenv/versions/2.4.1/lib/ruby/gems/2.4.0/gems/devise-4.2.1/app/views/devise/shared/_links.html.erb (1.2ms)
  Rendered /Users/sungminnie/.rbenv/versions/2.4.1/lib/ruby/gems/2.4.0/gems/devise-4.2.1/app/views/devise/sessions/new.html.erb within layouts/application (21.5ms)
Completed 200 OK in 1201ms (Views: 1182.3ms | ActiveRecord: 4.1ms)


Started GET "/users/sign_up" for ::1 at 2017-05-04 15:31:00 -0400
Processing by Devise::RegistrationsController#new as HTML
  Rendering /Users/sungminnie/.rbenv/versions/2.4.1/lib/ruby/gems/2.4.0/gems/devise-4.2.1/app/views/devise/registrations/new.html.erb within layouts/application
  Rendered /Users/sungminnie/.rbenv/versions/2.4.1/lib/ruby/gems/2.4.0/gems/devise-4.2.1/app/views/devise/shared/_links.html.erb (0.9ms)
  Rendered /Users/sungminnie/.rbenv/versions/2.4.1/lib/ruby/gems/2.4.0/gems/devise-4.2.1/app/views/devise/registrations/new.html.erb within layouts/application (5.7ms)
Completed 200 OK in 32ms (Views: 31.1ms | ActiveRecord: 0.0ms)


Started POST "/users" for ::1 at 2017-05-04 15:31:10 -0400
Processing by Devise::RegistrationsController#create as HTML
  Parameters: {"utf8"=>"✓", "authenticity_token"=>"BMyh1qVuf5Oa/hyzBnB4ttXgf4LlOcH8Tve6ic4pFpGV3dfemVSKwGMcnHZlAP55T++7Hlz9eYZnYJoc3fdm4g==", "user"=>{"email"=>"sungminro92@gmail.com", "password"=>"[FILTERED]", "password_confirmation"=>"[FILTERED]"}, "commit"=>"Sign up"}
  [1m[35m (0.2ms)[0m  [1m[35mBEGIN[0m
  [1m[36mUser Exists (13.8ms)[0m  [1m[34mSELECT  1 AS one FROM "users" WHERE "users"."email" = $1 LIMIT $2[0m  [["email", "sungminro92@gmail.com"], ["LIMIT", 1]]
  [1m[35mSQL (11.1ms)[0m  [1m[32mINSERT INTO "users" ("email", "encrypted_password", "created_at", "updated_at") VALUES ($1, $2, $3, $4) RETURNING "id"[0m  [["email", "sungminro92@gmail.com"], ["encrypted_password", "$2a$11$6nNCqjxuVHh5kjoqgCyru.g.UpSLcry4h0TmODhEKymS0qso6sqpy"], ["created_at", 2017-05-04 19:31:10 UTC], ["updated_at", 2017-05-04 19:31:10 UTC]]
  [1m[35m (0.5ms)[0m  [1m[35mCOMMIT[0m
  [1m[35m (0.1ms)[0m  [1m[35mBEGIN[0m
  [1m[35mSQL (0.8ms)[0m  [1m[33mUPDATE "users" SET "sign_in_count" = $1, "current_sign_in_at" = $2, "last_sign_in_at" = $3, "current_sign_in_ip" = $4, "last_sign_in_ip" = $5, "updated_at" = $6 WHERE "users"."id" = $7[0m  [["sign_in_count", 1], ["current_sign_in_at", 2017-05-04 19:31:10 UTC], ["last_sign_in_at", 2017-05-04 19:31:10 UTC], ["current_sign_in_ip", "::1/128"], ["last_sign_in_ip", "::1/128"], ["updated_at", 2017-05-04 19:31:10 UTC], ["id", 1]]
  [1m[35m (0.4ms)[0m  [1m[35mCOMMIT[0m
Redirected to http://localhost:3000/
Completed 302 Found in 199ms (ActiveRecord: 26.8ms)


Started GET "/" for ::1 at 2017-05-04 15:31:10 -0400
Processing by ClientController#index as HTML
  [1m[36mUser Load (11.8ms)[0m  [1m[34mSELECT  "users".* FROM "users" WHERE "users"."id" = $1 ORDER BY "users"."id" ASC LIMIT $2[0m  [["id", 1], ["LIMIT", 1]]
  Rendering client/index.html.erb
  Rendered client/index.html.erb (18.3ms)
Completed 200 OK in 35ms (Views: 20.4ms | ActiveRecord: 11.8ms)


Started GET "/" for ::1 at 2017-05-04 15:34:37 -0400
Processing by ClientController#index as HTML
  [1m[36mUser Load (0.9ms)[0m  [1m[34mSELECT  "users".* FROM "users" WHERE "users"."id" = $1 ORDER BY "users"."id" ASC LIMIT $2[0m  [["id", 1], ["LIMIT", 1]]
  Rendering client/index.html.erb
  Rendered client/index.html.erb (15.3ms)
Completed 200 OK in 21ms (Views: 16.6ms | ActiveRecord: 0.9ms)


Started GET "/" for ::1 at 2017-05-04 15:34:51 -0400
Processing by ClientController#index as HTML
  [1m[36mUser Load (0.6ms)[0m  [1m[34mSELECT  "users".* FROM "users" WHERE "users"."id" = $1 ORDER BY "users"."id" ASC LIMIT $2[0m  [["id", 1], ["LIMIT", 1]]
  Rendering client/index.html.erb
  Rendered client/index.html.erb (17.2ms)
Completed 200 OK in 22ms (Views: 18.5ms | ActiveRecord: 0.6ms)


Started GET "/" for ::1 at 2017-05-04 15:34:52 -0400
Processing by ClientController#index as HTML
  [1m[36mUser Load (1.0ms)[0m  [1m[34mSELECT  "users".* FROM "users" WHERE "users"."id" = $1 ORDER BY "users"."id" ASC LIMIT $2[0m  [["id", 1], ["LIMIT", 1]]
  Rendering client/index.html.erb
  Rendered client/index.html.erb (23.0ms)
Completed 200 OK in 29ms (Views: 24.8ms | ActiveRecord: 1.0ms)


Started GET "/" for ::1 at 2017-05-04 15:35:01 -0400
Processing by ClientController#index as HTML
  [1m[36mUser Load (0.5ms)[0m  [1m[34mSELECT  "users".* FROM "users" WHERE "users"."id" = $1 ORDER BY "users"."id" ASC LIMIT $2[0m  [["id", 1], ["LIMIT", 1]]
  Rendering client/index.html.erb
  Rendered client/index.html.erb (277.6ms)
Completed 200 OK in 283ms (Views: 279.3ms | ActiveRecord: 0.5ms)


Started GET "/" for ::1 at 2017-05-04 15:38:09 -0400
Processing by ClientController#index as HTML
  [1m[36mUser Load (0.3ms)[0m  [1m[34mSELECT  "users".* FROM "users" WHERE "users"."id" = $1 ORDER BY "users"."id" ASC LIMIT $2[0m  [["id", 1], ["LIMIT", 1]]
  Rendering client/index.html.erb
  Rendered client/index.html.erb (28.0ms)
Completed 200 OK in 33ms (Views: 29.6ms | ActiveRecord: 0.3ms)


Started GET "/" for ::1 at 2017-05-04 15:38:52 -0400
Processing by ClientController#index as HTML
  [1m[36mUser Load (0.4ms)[0m  [1m[34mSELECT  "users".* FROM "users" WHERE "users"."id" = $1 ORDER BY "users"."id" ASC LIMIT $2[0m  [["id", 1], ["LIMIT", 1]]
  Rendering client/index.html.erb
  Rendered client/index.html.erb (286.2ms)
Completed 200 OK in 291ms (Views: 287.9ms | ActiveRecord: 0.4ms)


Started GET "/" for ::1 at 2017-05-04 15:38:54 -0400
Processing by ClientController#index as HTML
  [1m[36mUser Load (0.3ms)[0m  [1m[34mSELECT  "users".* FROM "users" WHERE "users"."id" = $1 ORDER BY "users"."id" ASC LIMIT $2[0m  [["id", 1], ["LIMIT", 1]]
  Rendering client/index.html.erb
  Rendered client/index.html.erb (21.5ms)
Completed 200 OK in 25ms (Views: 22.7ms | ActiveRecord: 0.3ms)


Started GET "/users/edit" for ::1 at 2017-05-04 15:39:09 -0400
Processing by Devise::RegistrationsController#edit as HTML
  [1m[36mUser Load (0.4ms)[0m  [1m[34mSELECT  "users".* FROM "users" WHERE "users"."id" = $1 ORDER BY "users"."id" ASC LIMIT $2[0m  [["id", 1], ["LIMIT", 1]]
  Rendering /Users/sungminnie/.rbenv/versions/2.4.1/lib/ruby/gems/2.4.0/gems/devise-4.2.1/app/views/devise/registrations/edit.html.erb within layouts/application
  Rendered /Users/sungminnie/.rbenv/versions/2.4.1/lib/ruby/gems/2.4.0/gems/devise-4.2.1/app/views/devise/registrations/edit.html.erb within layouts/application (3.8ms)
Completed 200 OK in 37ms (Views: 35.2ms | ActiveRecord: 0.4ms)


Started GET "/" for ::1 at 2017-05-04 15:49:11 -0400
Processing by ClientController#index as HTML
  [1m[36mUser Load (0.4ms)[0m  [1m[34mSELECT  "users".* FROM "users" WHERE "users"."id" = $1 ORDER BY "users"."id" ASC LIMIT $2[0m  [["id", 1], ["LIMIT", 1]]
  Rendering client/index.html.erb
  Rendered client/index.html.erb (273.5ms)
Completed 200 OK in 278ms (Views: 274.9ms | ActiveRecord: 0.4ms)


Started GET "/" for ::1 at 2017-05-04 15:51:38 -0400
Processing by ClientController#index as HTML
  [1m[36mUser Load (0.3ms)[0m  [1m[34mSELECT  "users".* FROM "users" WHERE "users"."id" = $1 ORDER BY "users"."id" ASC LIMIT $2[0m  [["id", 1], ["LIMIT", 1]]
  Rendering client/index.html.erb
  Rendered client/index.html.erb (283.2ms)
Completed 200 OK in 288ms (Views: 284.8ms | ActiveRecord: 0.3ms)


Started GET "/" for ::1 at 2017-05-04 16:40:55 -0400
Processing by ClientController#index as HTML
  [1m[36mUser Load (0.5ms)[0m  [1m[34mSELECT  "users".* FROM "users" WHERE "users"."id" = $1 ORDER BY "users"."id" ASC LIMIT $2[0m  [["id", 1], ["LIMIT", 1]]
  Rendering client/index.html.erb
  Rendered client/index.html.erb (37.4ms)
Completed 200 OK in 44ms (Views: 39.4ms | ActiveRecord: 0.5ms)


Started GET "/" for ::1 at 2017-05-04 16:54:47 -0400
  [1m[36mActiveRecord::SchemaMigration Load (0.1ms)[0m  [1m[34mSELECT "schema_migrations".* FROM "schema_migrations"[0m
  
ActiveRecord::PendingMigrationError (

Migrations are pending. To resolve this issue, run:

        bin/rails db:migrate RAILS_ENV=development

):
  
activerecord (5.0.2) lib/active_record/migration.rb:573:in `check_pending!'
activerecord (5.0.2) lib/active_record/migration.rb:549:in `call'
actionpack (5.0.2) lib/action_dispatch/middleware/callbacks.rb:38:in `block in call'
activesupport (5.0.2) lib/active_support/callbacks.rb:97:in `__run_callbacks__'
activesupport (5.0.2) lib/active_support/callbacks.rb:750:in `_run_call_callbacks'
activesupport (5.0.2) lib/active_support/callbacks.rb:90:in `run_callbacks'
actionpack (5.0.2) lib/action_dispatch/middleware/callbacks.rb:36:in `call'
actionpack (5.0.2) lib/action_dispatch/middleware/executor.rb:12:in `call'
actionpack (5.0.2) lib/action_dispatch/middleware/remote_ip.rb:79:in `call'
actionpack (5.0.2) lib/action_dispatch/middleware/debug_exceptions.rb:49:in `call'
web-console (3.5.0) lib/web_console/middleware.rb:135:in `call_app'
web-console (3.5.0) lib/web_console/middleware.rb:28:in `block in call'
web-console (3.5.0) lib/web_console/middleware.rb:18:in `catch'
web-console (3.5.0) lib/web_console/middleware.rb:18:in `call'
actionpack (5.0.2) lib/action_dispatch/middleware/show_exceptions.rb:31:in `call'
railties (5.0.2) lib/rails/rack/logger.rb:36:in `call_app'
railties (5.0.2) lib/rails/rack/logger.rb:24:in `block in call'
activesupport (5.0.2) lib/active_support/tagged_logging.rb:69:in `block in tagged'
activesupport (5.0.2) lib/active_support/tagged_logging.rb:26:in `tagged'
activesupport (5.0.2) lib/active_support/tagged_logging.rb:69:in `tagged'
railties (5.0.2) lib/rails/rack/logger.rb:24:in `call'
sprockets-rails (3.2.0) lib/sprockets/rails/quiet_assets.rb:13:in `call'
actionpack (5.0.2) lib/action_dispatch/middleware/request_id.rb:24:in `call'
rack (2.0.1) lib/rack/method_override.rb:22:in `call'
rack (2.0.1) lib/rack/runtime.rb:22:in `call'
activesupport (5.0.2) lib/active_support/cache/strategy/local_cache_middleware.rb:28:in `call'
actionpack (5.0.2) lib/action_dispatch/middleware/executor.rb:12:in `call'
actionpack (5.0.2) lib/action_dispatch/middleware/static.rb:136:in `call'
rack (2.0.1) lib/rack/sendfile.rb:111:in `call'
railties (5.0.2) lib/rails/engine.rb:522:in `call'
puma (3.8.2) lib/puma/configuration.rb:224:in `call'
puma (3.8.2) lib/puma/server.rb:600:in `handle_request'
puma (3.8.2) lib/puma/server.rb:435:in `process_client'
puma (3.8.2) lib/puma/server.rb:299:in `block in run'
puma (3.8.2) lib/puma/thread_pool.rb:120:in `block in spawn_thread'
  Rendering /Users/sungminnie/.rbenv/versions/2.4.1/lib/ruby/gems/2.4.0/gems/actionpack-5.0.2/lib/action_dispatch/middleware/templates/rescues/diagnostics.html.erb within rescues/layout
  Rendering /Users/sungminnie/.rbenv/versions/2.4.1/lib/ruby/gems/2.4.0/gems/actionpack-5.0.2/lib/action_dispatch/middleware/templates/rescues/_source.html.erb
  Rendered /Users/sungminnie/.rbenv/versions/2.4.1/lib/ruby/gems/2.4.0/gems/actionpack-5.0.2/lib/action_dispatch/middleware/templates/rescues/_source.html.erb (3.0ms)
  Rendering /Users/sungminnie/.rbenv/versions/2.4.1/lib/ruby/gems/2.4.0/gems/actionpack-5.0.2/lib/action_dispatch/middleware/templates/rescues/_trace.html.erb
  Rendered /Users/sungminnie/.rbenv/versions/2.4.1/lib/ruby/gems/2.4.0/gems/actionpack-5.0.2/lib/action_dispatch/middleware/templates/rescues/_trace.html.erb (1.3ms)
  Rendering /Users/sungminnie/.rbenv/versions/2.4.1/lib/ruby/gems/2.4.0/gems/actionpack-5.0.2/lib/action_dispatch/middleware/templates/rescues/_request_and_response.html.erb
  Rendered /Users/sungminnie/.rbenv/versions/2.4.1/lib/ruby/gems/2.4.0/gems/actionpack-5.0.2/lib/action_dispatch/middleware/templates/rescues/_request_and_response.html.erb (0.7ms)
  Rendered /Users/sungminnie/.rbenv/versions/2.4.1/lib/ruby/gems/2.4.0/gems/actionpack-5.0.2/lib/action_dispatch/middleware/templates/rescues/diagnostics.html.erb within rescues/layout (80.1ms)
  [1m[35m (0.1ms)[0m  [1m[34mSELECT pg_try_advisory_lock(8698490731321766340);[0m
  [1m[36mActiveRecord::SchemaMigration Load (0.4ms)[0m  [1m[34mSELECT "schema_migrations".* FROM "schema_migrations"[0m
Migrating to CreateGardens (20170504204714)
  [1m[35m (0.1ms)[0m  [1m[35mBEGIN[0m
  [1m[35m (31.9ms)[0m  [1m[35mCREATE TABLE "gardens" ("id" serial primary key, "name" character varying, "size" integer, "created_at" timestamp NOT NULL, "updated_at" timestamp NOT NULL)[0m
  [1m[35mSQL (0.3ms)[0m  [1m[32mINSERT INTO "schema_migrations" ("version") VALUES ($1) RETURNING "version"[0m  [["version", "20170504204714"]]
  [1m[35m (0.9ms)[0m  [1m[35mCOMMIT[0m
  [1m[36mActiveRecord::InternalMetadata Load (0.7ms)[0m  [1m[34mSELECT  "ar_internal_metadata".* FROM "ar_internal_metadata" WHERE "ar_internal_metadata"."key" = $1 LIMIT $2[0m  [["key", :environment], ["LIMIT", 1]]
  [1m[35m (0.1ms)[0m  [1m[35mBEGIN[0m
  [1m[35m (0.1ms)[0m  [1m[35mCOMMIT[0m
  [1m[35m (0.1ms)[0m  [1m[34mSELECT pg_advisory_unlock(8698490731321766340)[0m
  [1m[36mActiveRecord::SchemaMigration Load (0.1ms)[0m  [1m[34mSELECT "schema_migrations".* FROM "schema_migrations"[0m
Started GET "/" for ::1 at 2017-05-04 16:56:34 -0400
  [1m[36mActiveRecord::SchemaMigration Load (0.2ms)[0m  [1m[34mSELECT "schema_migrations".* FROM "schema_migrations"[0m
Processing by ClientController#index as HTML
  [1m[36mUser Load (0.5ms)[0m  [1m[34mSELECT  "users".* FROM "users" WHERE "users"."id" = $1 ORDER BY "users"."id" ASC LIMIT $2[0m  [["id", 1], ["LIMIT", 1]]
  Rendering client/index.html.erb
  Rendered client/index.html.erb (580.0ms)
Completed 200 OK in 602ms (Views: 581.8ms | ActiveRecord: 3.9ms)


Started DELETE "/users/sign_out" for ::1 at 2017-05-04 16:56:40 -0400
Processing by Devise::SessionsController#destroy as HTML
  Parameters: {"authenticity_token"=>"b4o6/e1AYqZk46k+5QC0YeulUdvepTFT8s3aJ2RVv8X+m0z10XqX9Z0BKfuGcDKucaqVR2dhiSnbWvqyd4vPtg=="}
  [1m[36mUser Load (0.4ms)[0m  [1m[34mSELECT  "users".* FROM "users" WHERE "users"."id" = $1 ORDER BY "users"."id" ASC LIMIT $2[0m  [["id", 1], ["LIMIT", 1]]
  [1m[35m (0.1ms)[0m  [1m[35mBEGIN[0m
  [1m[35m (0.1ms)[0m  [1m[35mCOMMIT[0m
Redirected to http://localhost:3000/
Completed 302 Found in 8ms (ActiveRecord: 0.6ms)


Started GET "/" for ::1 at 2017-05-04 16:56:40 -0400
Processing by ClientController#index as HTML
Completed 401 Unauthorized in 1ms (ActiveRecord: 0.0ms)


Started GET "/users/sign_in" for ::1 at 2017-05-04 16:56:40 -0400
Processing by Devise::SessionsController#new as HTML
  Rendering /Users/sungminnie/.rbenv/versions/2.4.1/lib/ruby/gems/2.4.0/gems/devise-4.2.1/app/views/devise/sessions/new.html.erb within layouts/application
  Rendered /Users/sungminnie/.rbenv/versions/2.4.1/lib/ruby/gems/2.4.0/gems/devise-4.2.1/app/views/devise/shared/_links.html.erb (1.1ms)
  Rendered /Users/sungminnie/.rbenv/versions/2.4.1/lib/ruby/gems/2.4.0/gems/devise-4.2.1/app/views/devise/sessions/new.html.erb within layouts/application (6.8ms)
Completed 200 OK in 36ms (Views: 34.4ms | ActiveRecord: 0.0ms)


Started GET "/users/sign_in" for ::1 at 2017-05-04 17:05:25 -0400
Processing by Devise::SessionsController#new as HTML
  Rendering devise/sessions/new.html.erb within layouts/application
  Rendered devise/shared/_links.html.erb (1.6ms)
  Rendered devise/sessions/new.html.erb within layouts/application (6.7ms)
Completed 200 OK in 46ms (Views: 44.6ms | ActiveRecord: 0.0ms)


Started GET "/users/sign_up" for ::1 at 2017-05-04 17:05:27 -0400
Processing by Users::RegistrationsController#new as HTML
  Rendering devise/registrations/new.html.erb within layouts/application
  Rendered devise/registrations/new.html.erb within layouts/application (13.1ms)
Completed 500 Internal Server Error in 27ms (ActiveRecord: 0.0ms)


  
ActionView::Template::Error (undefined method `phone_number' for #<User id: nil, email: "", created_at: nil, updated_at: nil>):
     5:   <div class="field">
     6:   <%= f.label :phone_number %>
     7:   <br />
     8:   <%= f.text_field :phone_number %>
     9:   </div>
    10: 
    11:   <div class="field">
  
app/views/devise/registrations/new.html.erb:8:in `block in _app_views_devise_registrations_new_html_erb__993513519624197308_70217437272840'
app/views/devise/registrations/new.html.erb:3:in `_app_views_devise_registrations_new_html_erb__993513519624197308_70217437272840'
  Rendering /Users/sungminnie/.rbenv/versions/2.4.1/lib/ruby/gems/2.4.0/gems/actionpack-5.0.2/lib/action_dispatch/middleware/templates/rescues/template_error.html.erb within rescues/layout
  Rendering /Users/sungminnie/.rbenv/versions/2.4.1/lib/ruby/gems/2.4.0/gems/actionpack-5.0.2/lib/action_dispatch/middleware/templates/rescues/_source.html.erb
  Rendered /Users/sungminnie/.rbenv/versions/2.4.1/lib/ruby/gems/2.4.0/gems/actionpack-5.0.2/lib/action_dispatch/middleware/templates/rescues/_source.html.erb (11.7ms)
  Rendering /Users/sungminnie/.rbenv/versions/2.4.1/lib/ruby/gems/2.4.0/gems/actionpack-5.0.2/lib/action_dispatch/middleware/templates/rescues/_trace.html.erb
  Rendered /Users/sungminnie/.rbenv/versions/2.4.1/lib/ruby/gems/2.4.0/gems/actionpack-5.0.2/lib/action_dispatch/middleware/templates/rescues/_trace.html.erb (2.5ms)
  Rendering /Users/sungminnie/.rbenv/versions/2.4.1/lib/ruby/gems/2.4.0/gems/actionpack-5.0.2/lib/action_dispatch/middleware/templates/rescues/_request_and_response.html.erb
  Rendered /Users/sungminnie/.rbenv/versions/2.4.1/lib/ruby/gems/2.4.0/gems/actionpack-5.0.2/lib/action_dispatch/middleware/templates/rescues/_request_and_response.html.erb (1.1ms)
  Rendered /Users/sungminnie/.rbenv/versions/2.4.1/lib/ruby/gems/2.4.0/gems/actionpack-5.0.2/lib/action_dispatch/middleware/templates/rescues/template_error.html.erb within rescues/layout (86.7ms)
Started GET "/users/sign_up" for ::1 at 2017-05-04 17:05:41 -0400
Processing by Users::RegistrationsController#new as HTML
  Rendering devise/registrations/new.html.erb within layouts/application
  Rendered devise/registrations/new.html.erb within layouts/application (9.7ms)
Completed 500 Internal Server Error in 22ms (ActiveRecord: 0.0ms)


  
ActionView::Template::Error (undefined method `image_url' for #<User id: nil, email: "", created_at: nil, updated_at: nil>):
     5:   <div class="field">
     6:   <%= f.label :image_url %>
     7:   <br />
     8:   <%= f.text_field :image_url %>
     9:   </div>
    10: 
    11:   <div class="field">
  
app/views/devise/registrations/new.html.erb:8:in `block in _app_views_devise_registrations_new_html_erb__993513519624197308_70217493657460'
app/views/devise/registrations/new.html.erb:3:in `_app_views_devise_registrations_new_html_erb__993513519624197308_70217493657460'
  Rendering /Users/sungminnie/.rbenv/versions/2.4.1/lib/ruby/gems/2.4.0/gems/actionpack-5.0.2/lib/action_dispatch/middleware/templates/rescues/template_error.html.erb within rescues/layout
  Rendering /Users/sungminnie/.rbenv/versions/2.4.1/lib/ruby/gems/2.4.0/gems/actionpack-5.0.2/lib/action_dispatch/middleware/templates/rescues/_source.html.erb
  Rendered /Users/sungminnie/.rbenv/versions/2.4.1/lib/ruby/gems/2.4.0/gems/actionpack-5.0.2/lib/action_dispatch/middleware/templates/rescues/_source.html.erb (6.1ms)
  Rendering /Users/sungminnie/.rbenv/versions/2.4.1/lib/ruby/gems/2.4.0/gems/actionpack-5.0.2/lib/action_dispatch/middleware/templates/rescues/_trace.html.erb
  Rendered /Users/sungminnie/.rbenv/versions/2.4.1/lib/ruby/gems/2.4.0/gems/actionpack-5.0.2/lib/action_dispatch/middleware/templates/rescues/_trace.html.erb (2.2ms)
  Rendering /Users/sungminnie/.rbenv/versions/2.4.1/lib/ruby/gems/2.4.0/gems/actionpack-5.0.2/lib/action_dispatch/middleware/templates/rescues/_request_and_response.html.erb
  Rendered /Users/sungminnie/.rbenv/versions/2.4.1/lib/ruby/gems/2.4.0/gems/actionpack-5.0.2/lib/action_dispatch/middleware/templates/rescues/_request_and_response.html.erb (0.8ms)
  Rendered /Users/sungminnie/.rbenv/versions/2.4.1/lib/ruby/gems/2.4.0/gems/actionpack-5.0.2/lib/action_dispatch/middleware/templates/rescues/template_error.html.erb within rescues/layout (76.4ms)
Started GET "/users/sign_up" for ::1 at 2017-05-04 17:05:48 -0400
Processing by Users::RegistrationsController#new as HTML
  Rendering devise/registrations/new.html.erb within layouts/application
  Rendered devise/registrations/new.html.erb within layouts/application (8.7ms)
Completed 500 Internal Server Error in 22ms (ActiveRecord: 0.0ms)


  
ActionView::Template::Error (undefined method `img_url' for #<User id: nil, email: "", created_at: nil, updated_at: nil>):
     5:   <div class="field">
     6:   <%= f.label :img_url %>
     7:   <br />
     8:   <%= f.text_field :img_url %>
     9:   </div>
    10: 
    11:   <div class="field">
  
app/views/devise/registrations/new.html.erb:8:in `block in _app_views_devise_registrations_new_html_erb__993513519624197308_70217489322860'
app/views/devise/registrations/new.html.erb:3:in `_app_views_devise_registrations_new_html_erb__993513519624197308_70217489322860'
  Rendering /Users/sungminnie/.rbenv/versions/2.4.1/lib/ruby/gems/2.4.0/gems/actionpack-5.0.2/lib/action_dispatch/middleware/templates/rescues/template_error.html.erb within rescues/layout
  Rendering /Users/sungminnie/.rbenv/versions/2.4.1/lib/ruby/gems/2.4.0/gems/actionpack-5.0.2/lib/action_dispatch/middleware/templates/rescues/_source.html.erb
  Rendered /Users/sungminnie/.rbenv/versions/2.4.1/lib/ruby/gems/2.4.0/gems/actionpack-5.0.2/lib/action_dispatch/middleware/templates/rescues/_source.html.erb (5.9ms)
  Rendering /Users/sungminnie/.rbenv/versions/2.4.1/lib/ruby/gems/2.4.0/gems/actionpack-5.0.2/lib/action_dispatch/middleware/templates/rescues/_trace.html.erb
  Rendered /Users/sungminnie/.rbenv/versions/2.4.1/lib/ruby/gems/2.4.0/gems/actionpack-5.0.2/lib/action_dispatch/middleware/templates/rescues/_trace.html.erb (2.6ms)
  Rendering /Users/sungminnie/.rbenv/versions/2.4.1/lib/ruby/gems/2.4.0/gems/actionpack-5.0.2/lib/action_dispatch/middleware/templates/rescues/_request_and_response.html.erb
  Rendered /Users/sungminnie/.rbenv/versions/2.4.1/lib/ruby/gems/2.4.0/gems/actionpack-5.0.2/lib/action_dispatch/middleware/templates/rescues/_request_and_response.html.erb (0.9ms)
  Rendered /Users/sungminnie/.rbenv/versions/2.4.1/lib/ruby/gems/2.4.0/gems/actionpack-5.0.2/lib/action_dispatch/middleware/templates/rescues/template_error.html.erb within rescues/layout (82.1ms)
Started GET "/users/sign_up" for ::1 at 2017-05-04 21:26:59 -0400
Processing by Users::RegistrationsController#new as HTML
  Rendering devise/registrations/new.html.erb within layouts/application
  Rendered devise/registrations/new.html.erb within layouts/application (38.6ms)
Completed 500 Internal Server Error in 77ms (ActiveRecord: 0.0ms)


  
ActionView::Template::Error (undefined method `img_url' for #<User id: nil, email: "", created_at: nil, updated_at: nil>):
     5:   <div class="field">
     6:   <%= f.label :img_url %>
     7:   <br />
     8:   <%= f.text_field :img_url %>
     9:   </div>
    10: 
    11:   <div class="field">
  
app/views/devise/registrations/new.html.erb:8:in `block in _app_views_devise_registrations_new_html_erb__993513519624197308_70217437237880'
app/views/devise/registrations/new.html.erb:3:in `_app_views_devise_registrations_new_html_erb__993513519624197308_70217437237880'
  Rendering /Users/sungminnie/.rbenv/versions/2.4.1/lib/ruby/gems/2.4.0/gems/actionpack-5.0.2/lib/action_dispatch/middleware/templates/rescues/template_error.html.erb within rescues/layout
  Rendering /Users/sungminnie/.rbenv/versions/2.4.1/lib/ruby/gems/2.4.0/gems/actionpack-5.0.2/lib/action_dispatch/middleware/templates/rescues/_source.html.erb
  Rendered /Users/sungminnie/.rbenv/versions/2.4.1/lib/ruby/gems/2.4.0/gems/actionpack-5.0.2/lib/action_dispatch/middleware/templates/rescues/_source.html.erb (14.9ms)
  Rendering /Users/sungminnie/.rbenv/versions/2.4.1/lib/ruby/gems/2.4.0/gems/actionpack-5.0.2/lib/action_dispatch/middleware/templates/rescues/_trace.html.erb
  Rendered /Users/sungminnie/.rbenv/versions/2.4.1/lib/ruby/gems/2.4.0/gems/actionpack-5.0.2/lib/action_dispatch/middleware/templates/rescues/_trace.html.erb (3.5ms)
  Rendering /Users/sungminnie/.rbenv/versions/2.4.1/lib/ruby/gems/2.4.0/gems/actionpack-5.0.2/lib/action_dispatch/middleware/templates/rescues/_request_and_response.html.erb
  Rendered /Users/sungminnie/.rbenv/versions/2.4.1/lib/ruby/gems/2.4.0/gems/actionpack-5.0.2/lib/action_dispatch/middleware/templates/rescues/_request_and_response.html.erb (1.4ms)
  Rendered /Users/sungminnie/.rbenv/versions/2.4.1/lib/ruby/gems/2.4.0/gems/actionpack-5.0.2/lib/action_dispatch/middleware/templates/rescues/template_error.html.erb within rescues/layout (117.9ms)
  [1m[35m (0.2ms)[0m  [1m[34mSELECT pg_try_advisory_lock(8698490731321766340);[0m
  [1m[36mActiveRecord::SchemaMigration Load (0.6ms)[0m  [1m[34mSELECT "schema_migrations".* FROM "schema_migrations"[0m
  [1m[36mActiveRecord::InternalMetadata Load (0.3ms)[0m  [1m[34mSELECT  "ar_internal_metadata".* FROM "ar_internal_metadata" WHERE "ar_internal_metadata"."key" = $1 LIMIT $2[0m  [["key", :environment], ["LIMIT", 1]]
  [1m[35m (0.1ms)[0m  [1m[35mBEGIN[0m
  [1m[35m (0.1ms)[0m  [1m[35mCOMMIT[0m
  [1m[35m (0.1ms)[0m  [1m[34mSELECT pg_advisory_unlock(8698490731321766340)[0m
  [1m[36mActiveRecord::SchemaMigration Load (0.2ms)[0m  [1m[34mSELECT "schema_migrations".* FROM "schema_migrations"[0m
Started GET "/users/sign_up" for ::1 at 2017-05-04 21:32:57 -0400
  
LoadError (cannot load such file -- /Users/sungminnie/Desktop/seed-and-see/seed_and_see/config/routes.rb):
  
activesupport (5.0.2) lib/active_support/dependencies.rb:287:in `load'
activesupport (5.0.2) lib/active_support/dependencies.rb:287:in `block in load'
activesupport (5.0.2) lib/active_support/dependencies.rb:259:in `load_dependency'
activesupport (5.0.2) lib/active_support/dependencies.rb:287:in `load'
railties (5.0.2) lib/rails/application/routes_reloader.rb:40:in `block in load_paths'
railties (5.0.2) lib/rails/application/routes_reloader.rb:40:in `each'
railties (5.0.2) lib/rails/application/routes_reloader.rb:40:in `load_paths'
railties (5.0.2) lib/rails/application/routes_reloader.rb:16:in `reload!'
railties (5.0.2) lib/rails/application/routes_reloader.rb:26:in `block in updater'
activesupport (5.0.2) lib/active_support/file_update_checker.rb:77:in `execute'
railties (5.0.2) lib/rails/application/routes_reloader.rb:7:in `execute'
railties (5.0.2) lib/rails/application/finisher.rb:132:in `block (2 levels) in <module:Finisher>'
activesupport (5.0.2) lib/active_support/callbacks.rb:396:in `instance_exec'
activesupport (5.0.2) lib/active_support/callbacks.rb:396:in `block in make_lambda'
activesupport (5.0.2) lib/active_support/callbacks.rb:169:in `block (2 levels) in halting'
activesupport (5.0.2) lib/active_support/callbacks.rb:547:in `block (2 levels) in default_terminator'
activesupport (5.0.2) lib/active_support/callbacks.rb:546:in `catch'
activesupport (5.0.2) lib/active_support/callbacks.rb:546:in `block in default_terminator'
activesupport (5.0.2) lib/active_support/callbacks.rb:170:in `block in halting'
activesupport (5.0.2) lib/active_support/callbacks.rb:454:in `block in call'
activesupport (5.0.2) lib/active_support/callbacks.rb:454:in `each'
activesupport (5.0.2) lib/active_support/callbacks.rb:454:in `call'
activesupport (5.0.2) lib/active_support/callbacks.rb:101:in `__run_callbacks__'
activesupport (5.0.2) lib/active_support/callbacks.rb:750:in `_run_run_callbacks'
activesupport (5.0.2) lib/active_support/callbacks.rb:90:in `run_callbacks'
activesupport (5.0.2) lib/active_support/execution_wrapper.rb:108:in `run!'
activesupport (5.0.2) lib/active_support/reloader.rb:113:in `run!'
activesupport (5.0.2) lib/active_support/execution_wrapper.rb:70:in `block in run!'
activesupport (5.0.2) lib/active_support/execution_wrapper.rb:67:in `tap'
activesupport (5.0.2) lib/active_support/execution_wrapper.rb:67:in `run!'
activesupport (5.0.2) lib/active_support/reloader.rb:59:in `run!'
actionpack (5.0.2) lib/action_dispatch/middleware/executor.rb:10:in `call'
actionpack (5.0.2) lib/action_dispatch/middleware/remote_ip.rb:79:in `call'
actionpack (5.0.2) lib/action_dispatch/middleware/debug_exceptions.rb:49:in `call'
web-console (3.5.0) lib/web_console/middleware.rb:135:in `call_app'
web-console (3.5.0) lib/web_console/middleware.rb:28:in `block in call'
web-console (3.5.0) lib/web_console/middleware.rb:18:in `catch'
web-console (3.5.0) lib/web_console/middleware.rb:18:in `call'
actionpack (5.0.2) lib/action_dispatch/middleware/show_exceptions.rb:31:in `call'
railties (5.0.2) lib/rails/rack/logger.rb:36:in `call_app'
railties (5.0.2) lib/rails/rack/logger.rb:24:in `block in call'
activesupport (5.0.2) lib/active_support/tagged_logging.rb:69:in `block in tagged'
activesupport (5.0.2) lib/active_support/tagged_logging.rb:26:in `tagged'
activesupport (5.0.2) lib/active_support/tagged_logging.rb:69:in `tagged'
railties (5.0.2) lib/rails/rack/logger.rb:24:in `call'
sprockets-rails (3.2.0) lib/sprockets/rails/quiet_assets.rb:13:in `call'
actionpack (5.0.2) lib/action_dispatch/middleware/request_id.rb:24:in `call'
rack (2.0.1) lib/rack/method_override.rb:22:in `call'
rack (2.0.1) lib/rack/runtime.rb:22:in `call'
activesupport (5.0.2) lib/active_support/cache/strategy/local_cache_middleware.rb:28:in `call'
actionpack (5.0.2) lib/action_dispatch/middleware/executor.rb:12:in `call'
actionpack (5.0.2) lib/action_dispatch/middleware/static.rb:136:in `call'
rack (2.0.1) lib/rack/sendfile.rb:111:in `call'
railties (5.0.2) lib/rails/engine.rb:522:in `call'
puma (3.8.2) lib/puma/configuration.rb:224:in `call'
puma (3.8.2) lib/puma/server.rb:600:in `handle_request'
puma (3.8.2) lib/puma/server.rb:435:in `process_client'
puma (3.8.2) lib/puma/server.rb:299:in `block in run'
puma (3.8.2) lib/puma/thread_pool.rb:120:in `block in spawn_thread'
  Rendering /Users/sungminnie/.rbenv/versions/2.4.1/lib/ruby/gems/2.4.0/gems/actionpack-5.0.2/lib/action_dispatch/middleware/templates/rescues/diagnostics.html.erb within rescues/layout
  Rendering /Users/sungminnie/.rbenv/versions/2.4.1/lib/ruby/gems/2.4.0/gems/actionpack-5.0.2/lib/action_dispatch/middleware/templates/rescues/_source.html.erb
  Rendered /Users/sungminnie/.rbenv/versions/2.4.1/lib/ruby/gems/2.4.0/gems/actionpack-5.0.2/lib/action_dispatch/middleware/templates/rescues/_source.html.erb (4.1ms)
  Rendering /Users/sungminnie/.rbenv/versions/2.4.1/lib/ruby/gems/2.4.0/gems/actionpack-5.0.2/lib/action_dispatch/middleware/templates/rescues/_trace.html.erb
  Rendered /Users/sungminnie/.rbenv/versions/2.4.1/lib/ruby/gems/2.4.0/gems/actionpack-5.0.2/lib/action_dispatch/middleware/templates/rescues/_trace.html.erb (2.6ms)
  Rendering /Users/sungminnie/.rbenv/versions/2.4.1/lib/ruby/gems/2.4.0/gems/actionpack-5.0.2/lib/action_dispatch/middleware/templates/rescues/_request_and_response.html.erb
  Rendered /Users/sungminnie/.rbenv/versions/2.4.1/lib/ruby/gems/2.4.0/gems/actionpack-5.0.2/lib/action_dispatch/middleware/templates/rescues/_request_and_response.html.erb (0.8ms)
  Rendered /Users/sungminnie/.rbenv/versions/2.4.1/lib/ruby/gems/2.4.0/gems/actionpack-5.0.2/lib/action_dispatch/middleware/templates/rescues/diagnostics.html.erb within rescues/layout (74.8ms)
Started GET "/favicon.ico" for ::1 at 2017-05-04 21:32:58 -0400
  
ActionController::RoutingError (No route matches [GET] "/favicon.ico"):
  
actionpack (5.0.2) lib/action_dispatch/middleware/debug_exceptions.rb:53:in `call'
web-console (3.5.0) lib/web_console/middleware.rb:135:in `call_app'
web-console (3.5.0) lib/web_console/middleware.rb:28:in `block in call'
web-console (3.5.0) lib/web_console/middleware.rb:18:in `catch'
web-console (3.5.0) lib/web_console/middleware.rb:18:in `call'
actionpack (5.0.2) lib/action_dispatch/middleware/show_exceptions.rb:31:in `call'
railties (5.0.2) lib/rails/rack/logger.rb:36:in `call_app'
railties (5.0.2) lib/rails/rack/logger.rb:24:in `block in call'
activesupport (5.0.2) lib/active_support/tagged_logging.rb:69:in `block in tagged'
activesupport (5.0.2) lib/active_support/tagged_logging.rb:26:in `tagged'
activesupport (5.0.2) lib/active_support/tagged_logging.rb:69:in `tagged'
railties (5.0.2) lib/rails/rack/logger.rb:24:in `call'
sprockets-rails (3.2.0) lib/sprockets/rails/quiet_assets.rb:13:in `call'
actionpack (5.0.2) lib/action_dispatch/middleware/request_id.rb:24:in `call'
rack (2.0.1) lib/rack/method_override.rb:22:in `call'
rack (2.0.1) lib/rack/runtime.rb:22:in `call'
activesupport (5.0.2) lib/active_support/cache/strategy/local_cache_middleware.rb:28:in `call'
actionpack (5.0.2) lib/action_dispatch/middleware/executor.rb:12:in `call'
actionpack (5.0.2) lib/action_dispatch/middleware/static.rb:136:in `call'
rack (2.0.1) lib/rack/sendfile.rb:111:in `call'
railties (5.0.2) lib/rails/engine.rb:522:in `call'
puma (3.8.2) lib/puma/configuration.rb:224:in `call'
puma (3.8.2) lib/puma/server.rb:600:in `handle_request'
puma (3.8.2) lib/puma/server.rb:435:in `process_client'
puma (3.8.2) lib/puma/server.rb:299:in `block in run'
puma (3.8.2) lib/puma/thread_pool.rb:120:in `block in spawn_thread'
  Rendering /Users/sungminnie/.rbenv/versions/2.4.1/lib/ruby/gems/2.4.0/gems/actionpack-5.0.2/lib/action_dispatch/middleware/templates/rescues/routing_error.html.erb within rescues/layout
  Rendering /Users/sungminnie/.rbenv/versions/2.4.1/lib/ruby/gems/2.4.0/gems/actionpack-5.0.2/lib/action_dispatch/middleware/templates/rescues/_trace.html.erb
  Rendered /Users/sungminnie/.rbenv/versions/2.4.1/lib/ruby/gems/2.4.0/gems/actionpack-5.0.2/lib/action_dispatch/middleware/templates/rescues/_trace.html.erb (1.8ms)
  Rendered /Users/sungminnie/.rbenv/versions/2.4.1/lib/ruby/gems/2.4.0/gems/actionpack-5.0.2/lib/action_dispatch/middleware/templates/routes/_table.html.erb (4.6ms)
  Rendering /Users/sungminnie/.rbenv/versions/2.4.1/lib/ruby/gems/2.4.0/gems/actionpack-5.0.2/lib/action_dispatch/middleware/templates/rescues/_request_and_response.html.erb
  Rendered /Users/sungminnie/.rbenv/versions/2.4.1/lib/ruby/gems/2.4.0/gems/actionpack-5.0.2/lib/action_dispatch/middleware/templates/rescues/_request_and_response.html.erb (1.2ms)
  Rendered /Users/sungminnie/.rbenv/versions/2.4.1/lib/ruby/gems/2.4.0/gems/actionpack-5.0.2/lib/action_dispatch/middleware/templates/rescues/routing_error.html.erb within rescues/layout (93.3ms)
Started GET "/users/sign_up" for ::1 at 2017-05-04 21:51:06 -0400
  
ActionController::RoutingError (No route matches [GET] "/users/sign_up"):
  
actionpack (5.0.2) lib/action_dispatch/middleware/debug_exceptions.rb:53:in `call'
web-console (3.5.0) lib/web_console/middleware.rb:135:in `call_app'
web-console (3.5.0) lib/web_console/middleware.rb:28:in `block in call'
web-console (3.5.0) lib/web_console/middleware.rb:18:in `catch'
web-console (3.5.0) lib/web_console/middleware.rb:18:in `call'
actionpack (5.0.2) lib/action_dispatch/middleware/show_exceptions.rb:31:in `call'
railties (5.0.2) lib/rails/rack/logger.rb:36:in `call_app'
railties (5.0.2) lib/rails/rack/logger.rb:24:in `block in call'
activesupport (5.0.2) lib/active_support/tagged_logging.rb:69:in `block in tagged'
activesupport (5.0.2) lib/active_support/tagged_logging.rb:26:in `tagged'
activesupport (5.0.2) lib/active_support/tagged_logging.rb:69:in `tagged'
railties (5.0.2) lib/rails/rack/logger.rb:24:in `call'
sprockets-rails (3.2.0) lib/sprockets/rails/quiet_assets.rb:13:in `call'
actionpack (5.0.2) lib/action_dispatch/middleware/request_id.rb:24:in `call'
rack (2.0.1) lib/rack/method_override.rb:22:in `call'
rack (2.0.1) lib/rack/runtime.rb:22:in `call'
activesupport (5.0.2) lib/active_support/cache/strategy/local_cache_middleware.rb:28:in `call'
actionpack (5.0.2) lib/action_dispatch/middleware/executor.rb:12:in `call'
actionpack (5.0.2) lib/action_dispatch/middleware/static.rb:136:in `call'
rack (2.0.1) lib/rack/sendfile.rb:111:in `call'
railties (5.0.2) lib/rails/engine.rb:522:in `call'
puma (3.8.2) lib/puma/configuration.rb:224:in `call'
puma (3.8.2) lib/puma/server.rb:600:in `handle_request'
puma (3.8.2) lib/puma/server.rb:435:in `process_client'
puma (3.8.2) lib/puma/server.rb:299:in `block in run'
puma (3.8.2) lib/puma/thread_pool.rb:120:in `block in spawn_thread'
  Rendering /Users/sungminnie/.rbenv/versions/2.4.1/lib/ruby/gems/2.4.0/gems/actionpack-5.0.2/lib/action_dispatch/middleware/templates/rescues/routing_error.html.erb within rescues/layout
  Rendering /Users/sungminnie/.rbenv/versions/2.4.1/lib/ruby/gems/2.4.0/gems/actionpack-5.0.2/lib/action_dispatch/middleware/templates/rescues/_trace.html.erb
  Rendered /Users/sungminnie/.rbenv/versions/2.4.1/lib/ruby/gems/2.4.0/gems/actionpack-5.0.2/lib/action_dispatch/middleware/templates/rescues/_trace.html.erb (1.0ms)
  Rendered /Users/sungminnie/.rbenv/versions/2.4.1/lib/ruby/gems/2.4.0/gems/actionpack-5.0.2/lib/action_dispatch/middleware/templates/routes/_table.html.erb (1.0ms)
  Rendering /Users/sungminnie/.rbenv/versions/2.4.1/lib/ruby/gems/2.4.0/gems/actionpack-5.0.2/lib/action_dispatch/middleware/templates/rescues/_request_and_response.html.erb
  Rendered /Users/sungminnie/.rbenv/versions/2.4.1/lib/ruby/gems/2.4.0/gems/actionpack-5.0.2/lib/action_dispatch/middleware/templates/rescues/_request_and_response.html.erb (1.1ms)
  Rendered /Users/sungminnie/.rbenv/versions/2.4.1/lib/ruby/gems/2.4.0/gems/actionpack-5.0.2/lib/action_dispatch/middleware/templates/rescues/routing_error.html.erb within rescues/layout (64.7ms)
  [1m[36mActiveRecord::SchemaMigration Load (0.4ms)[0m  [1m[34mSELECT "schema_migrations".* FROM "schema_migrations"[0m
  [1m[35m (0.2ms)[0m  [1m[34mSELECT "ar_internal_metadata"."value" FROM "ar_internal_metadata" WHERE "ar_internal_metadata"."key" = $1[0m  [["key", :environment]]
  [1m[36mActiveRecord::SchemaMigration Load (0.1ms)[0m  [1m[34mSELECT "schema_migrations".* FROM "schema_migrations"[0m
  [1m[35m (0.1ms)[0m  [1m[34mSELECT "ar_internal_metadata"."value" FROM "ar_internal_metadata" WHERE "ar_internal_metadata"."key" = $1[0m  [["key", :environment]]
  [1m[36mActiveRecord::SchemaMigration Load (0.1ms)[0m  [1m[34mSELECT "schema_migrations".* FROM "schema_migrations"[0m
  [1m[35m (0.2ms)[0m  [1m[34mSELECT "ar_internal_metadata"."value" FROM "ar_internal_metadata" WHERE "ar_internal_metadata"."key" = $1[0m  [["key", :environment]]
  [1m[35mSQL (17.4ms)[0m  [1m[35mCREATE EXTENSION IF NOT EXISTS "plpgsql"[0m
  [1m[35m (10.7ms)[0m  [1m[35mDROP TABLE "gardens" CASCADE[0m
  [1m[35m (8.6ms)[0m  [1m[35mCREATE TABLE "gardens" ("id" serial primary key, "name" character varying, "size" integer, "created_at" timestamp NOT NULL, "updated_at" timestamp NOT NULL)[0m
  [1m[35m (2.7ms)[0m  [1m[35mDROP TABLE "users" CASCADE[0m
  [1m[35m (4.0ms)[0m  [1m[35mCREATE TABLE "users" ("id" serial primary key, "email" character varying DEFAULT '' NOT NULL, "encrypted_password" character varying DEFAULT '' NOT NULL, "reset_password_token" character varying, "reset_password_sent_at" timestamp, "remember_created_at" timestamp, "sign_in_count" integer DEFAULT 0 NOT NULL, "current_sign_in_at" timestamp, "last_sign_in_at" timestamp, "current_sign_in_ip" inet, "last_sign_in_ip" inet, "created_at" timestamp NOT NULL, "updated_at" timestamp NOT NULL)[0m
  [1m[35m (1.0ms)[0m  [1m[35mCREATE UNIQUE INDEX  "index_users_on_email" ON "users" USING btree ("email")[0m
  [1m[35m (0.7ms)[0m  [1m[35mCREATE UNIQUE INDEX  "index_users_on_reset_password_token" ON "users" USING btree ("reset_password_token")[0m
  [1m[35m (0.3ms)[0m  [1m[34mSELECT version FROM "schema_migrations"[0m
  [1m[36mActiveRecord::InternalMetadata Load (0.3ms)[0m  [1m[34mSELECT  "ar_internal_metadata".* FROM "ar_internal_metadata" WHERE "ar_internal_metadata"."key" = $1 LIMIT $2[0m  [["key", :environment], ["LIMIT", 1]]
  [1m[35m (0.1ms)[0m  [1m[35mBEGIN[0m
  [1m[35m (0.1ms)[0m  [1m[35mCOMMIT[0m
  [1m[36mActiveRecord::InternalMetadata Load (0.1ms)[0m  [1m[34mSELECT  "ar_internal_metadata".* FROM "ar_internal_metadata" WHERE "ar_internal_metadata"."key" = $1 LIMIT $2[0m  [["key", :environment], ["LIMIT", 1]]
  [1m[35m (0.1ms)[0m  [1m[35mBEGIN[0m
  [1m[35m (0.1ms)[0m  [1m[35mCOMMIT[0m
  [1m[35mSQL (0.9ms)[0m  [1m[35mCREATE EXTENSION IF NOT EXISTS "plpgsql"[0m
  [1m[35m (19.1ms)[0m  [1m[35mCREATE TABLE "gardens" ("id" serial primary key, "name" character varying, "size" integer, "created_at" timestamp NOT NULL, "updated_at" timestamp NOT NULL)[0m
  [1m[35m (3.5ms)[0m  [1m[35mCREATE TABLE "users" ("id" serial primary key, "email" character varying DEFAULT '' NOT NULL, "encrypted_password" character varying DEFAULT '' NOT NULL, "reset_password_token" character varying, "reset_password_sent_at" timestamp, "remember_created_at" timestamp, "sign_in_count" integer DEFAULT 0 NOT NULL, "current_sign_in_at" timestamp, "last_sign_in_at" timestamp, "current_sign_in_ip" inet, "last_sign_in_ip" inet, "created_at" timestamp NOT NULL, "updated_at" timestamp NOT NULL)[0m
  [1m[35m (0.7ms)[0m  [1m[35mCREATE UNIQUE INDEX  "index_users_on_email" ON "users" USING btree ("email")[0m
  [1m[35m (0.8ms)[0m  [1m[35mCREATE UNIQUE INDEX  "index_users_on_reset_password_token" ON "users" USING btree ("reset_password_token")[0m
  [1m[35m (2.2ms)[0m  [1m[35mCREATE TABLE "schema_migrations" ("version" character varying PRIMARY KEY)[0m
  [1m[35m (0.3ms)[0m  [1m[34mSELECT version FROM "schema_migrations"[0m
  [1m[35m (0.3ms)[0m  [1m[32mINSERT INTO "schema_migrations" (version) VALUES (20170504204714)[0m
  [1m[35m (0.2ms)[0m  [1m[32mINSERT INTO "schema_migrations" (version) VALUES
(20170504190229);

[0m
  [1m[35m (2.1ms)[0m  [1m[35mCREATE TABLE "ar_internal_metadata" ("key" character varying PRIMARY KEY, "value" character varying, "created_at" timestamp NOT NULL, "updated_at" timestamp NOT NULL)[0m
  [1m[36mActiveRecord::InternalMetadata Load (0.5ms)[0m  [1m[34mSELECT  "ar_internal_metadata".* FROM "ar_internal_metadata" WHERE "ar_internal_metadata"."key" = $1 LIMIT $2[0m  [["key", :environment], ["LIMIT", 1]]
  [1m[35m (0.1ms)[0m  [1m[35mBEGIN[0m
  [1m[35mSQL (0.3ms)[0m  [1m[32mINSERT INTO "ar_internal_metadata" ("key", "value", "created_at", "updated_at") VALUES ($1, $2, $3, $4) RETURNING "key"[0m  [["key", "environment"], ["value", "development"], ["created_at", 2017-05-05 01:51:31 UTC], ["updated_at", 2017-05-05 01:51:31 UTC]]
  [1m[35m (0.2ms)[0m  [1m[35mCOMMIT[0m
  [1m[36mActiveRecord::InternalMetadata Load (0.1ms)[0m  [1m[34mSELECT  "ar_internal_metadata".* FROM "ar_internal_metadata" WHERE "ar_internal_metadata"."key" = $1 LIMIT $2[0m  [["key", :environment], ["LIMIT", 1]]
  [1m[35m (0.1ms)[0m  [1m[35mBEGIN[0m
  [1m[35m (0.1ms)[0m  [1m[35mCOMMIT[0m
  [1m[36mActiveRecord::SchemaMigration Load (0.3ms)[0m  [1m[34mSELECT "schema_migrations".* FROM "schema_migrations"[0m
  [1m[35m (0.2ms)[0m  [1m[34mSELECT pg_try_advisory_lock(8698490731321766340);[0m
  [1m[36mActiveRecord::SchemaMigration Load (0.5ms)[0m  [1m[34mSELECT "schema_migrations".* FROM "schema_migrations"[0m
  [1m[36mActiveRecord::InternalMetadata Load (0.3ms)[0m  [1m[34mSELECT  "ar_internal_metadata".* FROM "ar_internal_metadata" WHERE "ar_internal_metadata"."key" = $1 LIMIT $2[0m  [["key", :environment], ["LIMIT", 1]]
  [1m[35m (0.1ms)[0m  [1m[35mBEGIN[0m
  [1m[35m (0.1ms)[0m  [1m[35mCOMMIT[0m
  [1m[35m (0.2ms)[0m  [1m[34mSELECT pg_advisory_unlock(8698490731321766340)[0m
  [1m[36mActiveRecord::SchemaMigration Load (0.3ms)[0m  [1m[34mSELECT "schema_migrations".* FROM "schema_migrations"[0m
Started GET "/users/sign_up" for ::1 at 2017-05-04 21:52:38 -0400
  [1m[36mActiveRecord::SchemaMigration Load (0.5ms)[0m  [1m[34mSELECT "schema_migrations".* FROM "schema_migrations"[0m
Processing by Users::RegistrationsController#new as HTML
  Rendering devise/registrations/new.html.erb within layouts/application
  Rendered devise/registrations/new.html.erb within layouts/application (27.6ms)
Completed 500 Internal Server Error in 71ms (ActiveRecord: 3.3ms)


  
ActionView::Template::Error (undefined method `img_url' for #<User id: nil, email: "", created_at: nil, updated_at: nil>):
     5:   <div class="field">
     6:   <%= f.label :img_url %>
     7:   <br />
     8:   <%= f.text_field :img_url %>
     9:   </div>
    10: 
    11:   <div class="field">
  
app/views/devise/registrations/new.html.erb:8:in `block in _app_views_devise_registrations_new_html_erb___881045265374859776_70223552369200'
app/views/devise/registrations/new.html.erb:3:in `_app_views_devise_registrations_new_html_erb___881045265374859776_70223552369200'
app/controllers/users/registrations_controller.rb:7:in `new'
  Rendering /Users/sungminnie/.rbenv/versions/2.4.1/lib/ruby/gems/2.4.0/gems/actionpack-5.0.2/lib/action_dispatch/middleware/templates/rescues/template_error.html.erb within rescues/layout
  Rendering /Users/sungminnie/.rbenv/versions/2.4.1/lib/ruby/gems/2.4.0/gems/actionpack-5.0.2/lib/action_dispatch/middleware/templates/rescues/_source.html.erb
  Rendered /Users/sungminnie/.rbenv/versions/2.4.1/lib/ruby/gems/2.4.0/gems/actionpack-5.0.2/lib/action_dispatch/middleware/templates/rescues/_source.html.erb (5.5ms)
  Rendering /Users/sungminnie/.rbenv/versions/2.4.1/lib/ruby/gems/2.4.0/gems/actionpack-5.0.2/lib/action_dispatch/middleware/templates/rescues/_trace.html.erb
  Rendered /Users/sungminnie/.rbenv/versions/2.4.1/lib/ruby/gems/2.4.0/gems/actionpack-5.0.2/lib/action_dispatch/middleware/templates/rescues/_trace.html.erb (2.3ms)
  Rendering /Users/sungminnie/.rbenv/versions/2.4.1/lib/ruby/gems/2.4.0/gems/actionpack-5.0.2/lib/action_dispatch/middleware/templates/rescues/_request_and_response.html.erb
  Rendered /Users/sungminnie/.rbenv/versions/2.4.1/lib/ruby/gems/2.4.0/gems/actionpack-5.0.2/lib/action_dispatch/middleware/templates/rescues/_request_and_response.html.erb (0.8ms)
  Rendered /Users/sungminnie/.rbenv/versions/2.4.1/lib/ruby/gems/2.4.0/gems/actionpack-5.0.2/lib/action_dispatch/middleware/templates/rescues/template_error.html.erb within rescues/layout (82.6ms)
Started GET "/users/sign_up" for ::1 at 2017-05-04 22:12:00 -0400
Processing by Users::RegistrationsController#new as HTML
  Rendering devise/registrations/new.html.erb within layouts/application
  Rendered devise/registrations/new.html.erb within layouts/application (8.3ms)
Completed 500 Internal Server Error in 31ms (ActiveRecord: 2.6ms)


  
ActionView::Template::Error (undefined method `img_url' for #<User id: nil, email: "", created_at: nil, updated_at: nil>):
     5:   <div class="field">
     6:   <%= f.label :img_url %>
     7:   <br />
     8:   <%= f.text_field :img_url %>
     9:   </div>
    10: 
    11:   <div class="field">
  
app/views/devise/registrations/new.html.erb:8:in `block in _app_views_devise_registrations_new_html_erb___881045265374859776_70223549250460'
app/views/devise/registrations/new.html.erb:3:in `_app_views_devise_registrations_new_html_erb___881045265374859776_70223549250460'
app/controllers/users/registrations_controller.rb:7:in `new'
  Rendering /Users/sungminnie/.rbenv/versions/2.4.1/lib/ruby/gems/2.4.0/gems/actionpack-5.0.2/lib/action_dispatch/middleware/templates/rescues/template_error.html.erb within rescues/layout
  Rendering /Users/sungminnie/.rbenv/versions/2.4.1/lib/ruby/gems/2.4.0/gems/actionpack-5.0.2/lib/action_dispatch/middleware/templates/rescues/_source.html.erb
  Rendered /Users/sungminnie/.rbenv/versions/2.4.1/lib/ruby/gems/2.4.0/gems/actionpack-5.0.2/lib/action_dispatch/middleware/templates/rescues/_source.html.erb (5.1ms)
  Rendering /Users/sungminnie/.rbenv/versions/2.4.1/lib/ruby/gems/2.4.0/gems/actionpack-5.0.2/lib/action_dispatch/middleware/templates/rescues/_trace.html.erb
  Rendered /Users/sungminnie/.rbenv/versions/2.4.1/lib/ruby/gems/2.4.0/gems/actionpack-5.0.2/lib/action_dispatch/middleware/templates/rescues/_trace.html.erb (1.9ms)
  Rendering /Users/sungminnie/.rbenv/versions/2.4.1/lib/ruby/gems/2.4.0/gems/actionpack-5.0.2/lib/action_dispatch/middleware/templates/rescues/_request_and_response.html.erb
  Rendered /Users/sungminnie/.rbenv/versions/2.4.1/lib/ruby/gems/2.4.0/gems/actionpack-5.0.2/lib/action_dispatch/middleware/templates/rescues/_request_and_response.html.erb (0.7ms)
  Rendered /Users/sungminnie/.rbenv/versions/2.4.1/lib/ruby/gems/2.4.0/gems/actionpack-5.0.2/lib/action_dispatch/middleware/templates/rescues/template_error.html.erb within rescues/layout (70.6ms)
Started GET "/users/sign_up" for ::1 at 2017-05-04 22:12:24 -0400
Processing by Users::RegistrationsController#new as HTML
  Rendering devise/registrations/new.html.erb within layouts/application
  Rendered devise/registrations/new.html.erb within layouts/application (9.2ms)
Completed 500 Internal Server Error in 21ms (ActiveRecord: 0.0ms)


  
ActionView::Template::Error (undefined method `image_url' for #<User id: nil, email: "", created_at: nil, updated_at: nil>):
     5:   <div class="field">
     6:   <%= f.label :image_url %>
     7:   <br />
     8:   <%= f.text_field :image_url %>
     9:   </div>
    10: 
    11:   <div class="field">
  
app/views/devise/registrations/new.html.erb:8:in `block in _app_views_devise_registrations_new_html_erb___881045265374859776_70223544070200'
app/views/devise/registrations/new.html.erb:3:in `_app_views_devise_registrations_new_html_erb___881045265374859776_70223544070200'
app/controllers/users/registrations_controller.rb:7:in `new'
  Rendering /Users/sungminnie/.rbenv/versions/2.4.1/lib/ruby/gems/2.4.0/gems/actionpack-5.0.2/lib/action_dispatch/middleware/templates/rescues/template_error.html.erb within rescues/layout
  Rendering /Users/sungminnie/.rbenv/versions/2.4.1/lib/ruby/gems/2.4.0/gems/actionpack-5.0.2/lib/action_dispatch/middleware/templates/rescues/_source.html.erb
  Rendered /Users/sungminnie/.rbenv/versions/2.4.1/lib/ruby/gems/2.4.0/gems/actionpack-5.0.2/lib/action_dispatch/middleware/templates/rescues/_source.html.erb (5.2ms)
  Rendering /Users/sungminnie/.rbenv/versions/2.4.1/lib/ruby/gems/2.4.0/gems/actionpack-5.0.2/lib/action_dispatch/middleware/templates/rescues/_trace.html.erb
  Rendered /Users/sungminnie/.rbenv/versions/2.4.1/lib/ruby/gems/2.4.0/gems/actionpack-5.0.2/lib/action_dispatch/middleware/templates/rescues/_trace.html.erb (2.1ms)
  Rendering /Users/sungminnie/.rbenv/versions/2.4.1/lib/ruby/gems/2.4.0/gems/actionpack-5.0.2/lib/action_dispatch/middleware/templates/rescues/_request_and_response.html.erb
  Rendered /Users/sungminnie/.rbenv/versions/2.4.1/lib/ruby/gems/2.4.0/gems/actionpack-5.0.2/lib/action_dispatch/middleware/templates/rescues/_request_and_response.html.erb (0.7ms)
  Rendered /Users/sungminnie/.rbenv/versions/2.4.1/lib/ruby/gems/2.4.0/gems/actionpack-5.0.2/lib/action_dispatch/middleware/templates/rescues/template_error.html.erb within rescues/layout (70.6ms)
Started GET "/users/sign_up" for ::1 at 2017-05-04 22:12:50 -0400
Processing by Users::RegistrationsController#new as HTML
  Rendering devise/registrations/new.html.erb within layouts/application
  Rendered devise/registrations/new.html.erb within layouts/application (9.2ms)
Completed 500 Internal Server Error in 22ms (ActiveRecord: 0.0ms)


  
ActionView::Template::Error (undefined method `image_url' for #<User id: nil, email: "", created_at: nil, updated_at: nil>):
     5:   
     6:   <div class="field">
     7:   <%= f.label :image_url %>
     8:   <%= f.text_field :image_url %>
     9:   </div>
    10: 
    11:   <div class="field">
  
app/views/devise/registrations/new.html.erb:8:in `block in _app_views_devise_registrations_new_html_erb___881045265374859776_70223565263260'
app/views/devise/registrations/new.html.erb:3:in `_app_views_devise_registrations_new_html_erb___881045265374859776_70223565263260'
app/controllers/users/registrations_controller.rb:7:in `new'
  Rendering /Users/sungminnie/.rbenv/versions/2.4.1/lib/ruby/gems/2.4.0/gems/actionpack-5.0.2/lib/action_dispatch/middleware/templates/rescues/template_error.html.erb within rescues/layout
  Rendering /Users/sungminnie/.rbenv/versions/2.4.1/lib/ruby/gems/2.4.0/gems/actionpack-5.0.2/lib/action_dispatch/middleware/templates/rescues/_source.html.erb
  Rendered /Users/sungminnie/.rbenv/versions/2.4.1/lib/ruby/gems/2.4.0/gems/actionpack-5.0.2/lib/action_dispatch/middleware/templates/rescues/_source.html.erb (5.7ms)
  Rendering /Users/sungminnie/.rbenv/versions/2.4.1/lib/ruby/gems/2.4.0/gems/actionpack-5.0.2/lib/action_dispatch/middleware/templates/rescues/_trace.html.erb
  Rendered /Users/sungminnie/.rbenv/versions/2.4.1/lib/ruby/gems/2.4.0/gems/actionpack-5.0.2/lib/action_dispatch/middleware/templates/rescues/_trace.html.erb (1.9ms)
  Rendering /Users/sungminnie/.rbenv/versions/2.4.1/lib/ruby/gems/2.4.0/gems/actionpack-5.0.2/lib/action_dispatch/middleware/templates/rescues/_request_and_response.html.erb
  Rendered /Users/sungminnie/.rbenv/versions/2.4.1/lib/ruby/gems/2.4.0/gems/actionpack-5.0.2/lib/action_dispatch/middleware/templates/rescues/_request_and_response.html.erb (0.7ms)
  Rendered /Users/sungminnie/.rbenv/versions/2.4.1/lib/ruby/gems/2.4.0/gems/actionpack-5.0.2/lib/action_dispatch/middleware/templates/rescues/template_error.html.erb within rescues/layout (71.1ms)
Started GET "/users/sign_up" for ::1 at 2017-05-04 22:16:25 -0400
Processing by Users::RegistrationsController#new as HTML
  Rendering devise/registrations/new.html.erb within layouts/application
  Rendered devise/registrations/new.html.erb within layouts/application (9.4ms)
Completed 500 Internal Server Error in 31ms (ActiveRecord: 2.4ms)


  
ActionView::Template::Error (undefined method `image_url' for #<User id: nil, email: "", created_at: nil, updated_at: nil>):
     5:   
     6:   <div class="field">
     7:   <%= f.label :image_url %>
     8:   <%= f.text_field :image_url %>
     9:   </div>
    10: 
    11:   <div class="field">
  
app/views/devise/registrations/new.html.erb:8:in `block in _app_views_devise_registrations_new_html_erb___881045265374859776_70223552054900'
app/views/devise/registrations/new.html.erb:3:in `_app_views_devise_registrations_new_html_erb___881045265374859776_70223552054900'
app/controllers/users/registrations_controller.rb:7:in `new'
  Rendering /Users/sungminnie/.rbenv/versions/2.4.1/lib/ruby/gems/2.4.0/gems/actionpack-5.0.2/lib/action_dispatch/middleware/templates/rescues/template_error.html.erb within rescues/layout
  Rendering /Users/sungminnie/.rbenv/versions/2.4.1/lib/ruby/gems/2.4.0/gems/actionpack-5.0.2/lib/action_dispatch/middleware/templates/rescues/_source.html.erb
  Rendered /Users/sungminnie/.rbenv/versions/2.4.1/lib/ruby/gems/2.4.0/gems/actionpack-5.0.2/lib/action_dispatch/middleware/templates/rescues/_source.html.erb (5.1ms)
  Rendering /Users/sungminnie/.rbenv/versions/2.4.1/lib/ruby/gems/2.4.0/gems/actionpack-5.0.2/lib/action_dispatch/middleware/templates/rescues/_trace.html.erb
  Rendered /Users/sungminnie/.rbenv/versions/2.4.1/lib/ruby/gems/2.4.0/gems/actionpack-5.0.2/lib/action_dispatch/middleware/templates/rescues/_trace.html.erb (2.1ms)
  Rendering /Users/sungminnie/.rbenv/versions/2.4.1/lib/ruby/gems/2.4.0/gems/actionpack-5.0.2/lib/action_dispatch/middleware/templates/rescues/_request_and_response.html.erb
  Rendered /Users/sungminnie/.rbenv/versions/2.4.1/lib/ruby/gems/2.4.0/gems/actionpack-5.0.2/lib/action_dispatch/middleware/templates/rescues/_request_and_response.html.erb (0.6ms)
  Rendered /Users/sungminnie/.rbenv/versions/2.4.1/lib/ruby/gems/2.4.0/gems/actionpack-5.0.2/lib/action_dispatch/middleware/templates/rescues/template_error.html.erb within rescues/layout (69.1ms)
Started GET "/users/sign_up" for ::1 at 2017-05-04 22:18:12 -0400
Processing by Users::RegistrationsController#new as HTML
  Rendering devise/registrations/new.html.erb within layouts/application
  Rendered devise/registrations/new.html.erb within layouts/application (9.3ms)
Completed 500 Internal Server Error in 31ms (ActiveRecord: 2.5ms)


  
ActionView::Template::Error (undefined method `image_url' for #<User id: nil, email: "", created_at: nil, updated_at: nil>):
     5:   
     6:   <div class="field">
     7:   <%= f.label :image_url %>
     8:   <%= f.text_field :image_url %>
     9:   </div>
    10: 
    11:   <div class="field">
  
app/views/devise/registrations/new.html.erb:8:in `block in _app_views_devise_registrations_new_html_erb___881045265374859776_70223543991440'
app/views/devise/registrations/new.html.erb:3:in `_app_views_devise_registrations_new_html_erb___881045265374859776_70223543991440'
app/controllers/users/registrations_controller.rb:7:in `new'
  Rendering /Users/sungminnie/.rbenv/versions/2.4.1/lib/ruby/gems/2.4.0/gems/actionpack-5.0.2/lib/action_dispatch/middleware/templates/rescues/template_error.html.erb within rescues/layout
  Rendering /Users/sungminnie/.rbenv/versions/2.4.1/lib/ruby/gems/2.4.0/gems/actionpack-5.0.2/lib/action_dispatch/middleware/templates/rescues/_source.html.erb
  Rendered /Users/sungminnie/.rbenv/versions/2.4.1/lib/ruby/gems/2.4.0/gems/actionpack-5.0.2/lib/action_dispatch/middleware/templates/rescues/_source.html.erb (9.0ms)
  Rendering /Users/sungminnie/.rbenv/versions/2.4.1/lib/ruby/gems/2.4.0/gems/actionpack-5.0.2/lib/action_dispatch/middleware/templates/rescues/_trace.html.erb
  Rendered /Users/sungminnie/.rbenv/versions/2.4.1/lib/ruby/gems/2.4.0/gems/actionpack-5.0.2/lib/action_dispatch/middleware/templates/rescues/_trace.html.erb (3.1ms)
  Rendering /Users/sungminnie/.rbenv/versions/2.4.1/lib/ruby/gems/2.4.0/gems/actionpack-5.0.2/lib/action_dispatch/middleware/templates/rescues/_request_and_response.html.erb
  Rendered /Users/sungminnie/.rbenv/versions/2.4.1/lib/ruby/gems/2.4.0/gems/actionpack-5.0.2/lib/action_dispatch/middleware/templates/rescues/_request_and_response.html.erb (1.1ms)
  Rendered /Users/sungminnie/.rbenv/versions/2.4.1/lib/ruby/gems/2.4.0/gems/actionpack-5.0.2/lib/action_dispatch/middleware/templates/rescues/template_error.html.erb within rescues/layout (81.0ms)
Started GET "/users/sign_up" for ::1 at 2017-05-04 22:19:39 -0400
DEPRECATION WARNING: Omitting the route path is deprecated. Specify the path with a String or a Symbol instead. (called from block in <top (required)> at /Users/sungminnie/Desktop/seed-and-see/config/routes.rb:2)
  
ArgumentError (Missing :controller key on routes definition, please check your routes.):
  
config/routes.rb:2:in `block in <top (required)>'
config/routes.rb:1:in `<top (required)>'
  Rendering /Users/sungminnie/.rbenv/versions/2.4.1/lib/ruby/gems/2.4.0/gems/actionpack-5.0.2/lib/action_dispatch/middleware/templates/rescues/diagnostics.html.erb within rescues/layout
  Rendering /Users/sungminnie/.rbenv/versions/2.4.1/lib/ruby/gems/2.4.0/gems/actionpack-5.0.2/lib/action_dispatch/middleware/templates/rescues/_source.html.erb
  Rendered /Users/sungminnie/.rbenv/versions/2.4.1/lib/ruby/gems/2.4.0/gems/actionpack-5.0.2/lib/action_dispatch/middleware/templates/rescues/_source.html.erb (3.9ms)
  Rendering /Users/sungminnie/.rbenv/versions/2.4.1/lib/ruby/gems/2.4.0/gems/actionpack-5.0.2/lib/action_dispatch/middleware/templates/rescues/_trace.html.erb
  Rendered /Users/sungminnie/.rbenv/versions/2.4.1/lib/ruby/gems/2.4.0/gems/actionpack-5.0.2/lib/action_dispatch/middleware/templates/rescues/_trace.html.erb (2.0ms)
  Rendering /Users/sungminnie/.rbenv/versions/2.4.1/lib/ruby/gems/2.4.0/gems/actionpack-5.0.2/lib/action_dispatch/middleware/templates/rescues/_request_and_response.html.erb
  Rendered /Users/sungminnie/.rbenv/versions/2.4.1/lib/ruby/gems/2.4.0/gems/actionpack-5.0.2/lib/action_dispatch/middleware/templates/rescues/_request_and_response.html.erb (0.9ms)
  Rendered /Users/sungminnie/.rbenv/versions/2.4.1/lib/ruby/gems/2.4.0/gems/actionpack-5.0.2/lib/action_dispatch/middleware/templates/rescues/diagnostics.html.erb within rescues/layout (80.5ms)
Started GET "/users/sign_up" for ::1 at 2017-05-04 22:32:46 -0400
Processing by Devise::RegistrationsController#new as HTML
  Rendering devise/registrations/new.html.erb within layouts/application
  Rendered devise/shared/_links.html.erb (1.0ms)
  Rendered devise/registrations/new.html.erb within layouts/application (6.7ms)
Completed 200 OK in 538ms (Views: 526.0ms | ActiveRecord: 2.2ms)


Started GET "/users/sign_in" for ::1 at 2017-05-04 22:34:24 -0400
Processing by Devise::SessionsController#new as HTML
  Rendering devise/sessions/new.html.erb within layouts/application
  Rendered devise/shared/_links.html.erb (1.0ms)
  Rendered devise/sessions/new.html.erb within layouts/application (6.5ms)
Completed 200 OK in 40ms (Views: 38.2ms | ActiveRecord: 0.0ms)


Started POST "/users/sign_in" for ::1 at 2017-05-04 22:34:28 -0400
Processing by Devise::SessionsController#create as HTML
  Parameters: {"utf8"=>"✓", "authenticity_token"=>"h8cMbFLh5UNmuIlvTU5sxZHnMJp8v0HOHCTlIriH++fvtSb8kiqEnSWnd2XQVkVLHsLBH21n1Lj2OMp+EdWU1A==", "user"=>{"email"=>"sungminro92@gmail.com", "password"=>"[FILTERED]", "remember_me"=>"0"}, "commit"=>"Log in"}
  [1m[36mUser Load (1.5ms)[0m  [1m[34mSELECT  "users".* FROM "users" WHERE "users"."email" = $1 ORDER BY "users"."id" ASC LIMIT $2[0m  [["email", "sungminro92@gmail.com"], ["LIMIT", 1]]
Completed 401 Unauthorized in 4ms (ActiveRecord: 1.5ms)


Processing by Devise::SessionsController#new as HTML
  Parameters: {"utf8"=>"✓", "authenticity_token"=>"h8cMbFLh5UNmuIlvTU5sxZHnMJp8v0HOHCTlIriH++fvtSb8kiqEnSWnd2XQVkVLHsLBH21n1Lj2OMp+EdWU1A==", "user"=>{"email"=>"sungminro92@gmail.com", "password"=>"[FILTERED]", "remember_me"=>"0"}, "commit"=>"Log in"}
  Rendering devise/sessions/new.html.erb within layouts/application
  Rendered devise/shared/_links.html.erb (0.8ms)
  Rendered devise/sessions/new.html.erb within layouts/application (3.8ms)
Completed 200 OK in 165ms (Views: 25.7ms | ActiveRecord: 0.0ms)


Started POST "/users/sign_in" for ::1 at 2017-05-04 22:34:31 -0400
Processing by Devise::SessionsController#create as HTML
  Parameters: {"utf8"=>"✓", "authenticity_token"=>"ppRtwvQRa11q1aGnyKGE7su7oJuPDQbax8XRJNUmsnbO5kdSNNoKgynKX61Vua1gRJ5RHp7Vk6wt2f54fHTdRQ==", "user"=>{"email"=>"sungminro92@gmail.com", "password"=>"[FILTERED]", "remember_me"=>"0"}, "commit"=>"Log in"}
  [1m[36mUser Load (0.3ms)[0m  [1m[34mSELECT  "users".* FROM "users" WHERE "users"."email" = $1 ORDER BY "users"."id" ASC LIMIT $2[0m  [["email", "sungminro92@gmail.com"], ["LIMIT", 1]]
Completed 401 Unauthorized in 2ms (ActiveRecord: 0.3ms)


Processing by Devise::SessionsController#new as HTML
  Parameters: {"utf8"=>"✓", "authenticity_token"=>"ppRtwvQRa11q1aGnyKGE7su7oJuPDQbax8XRJNUmsnbO5kdSNNoKgynKX61Vua1gRJ5RHp7Vk6wt2f54fHTdRQ==", "user"=>{"email"=>"sungminro92@gmail.com", "password"=>"[FILTERED]", "remember_me"=>"0"}, "commit"=>"Log in"}
  Rendering devise/sessions/new.html.erb within layouts/application
  Rendered devise/shared/_links.html.erb (0.9ms)
  Rendered devise/sessions/new.html.erb within layouts/application (4.2ms)
Completed 200 OK in 159ms (Views: 27.0ms | ActiveRecord: 0.0ms)


Started GET "/users/sign_up" for ::1 at 2017-05-04 22:34:33 -0400
Processing by Devise::RegistrationsController#new as HTML
  Rendering devise/registrations/new.html.erb within layouts/application
  Rendered devise/shared/_links.html.erb (1.0ms)
  Rendered devise/registrations/new.html.erb within layouts/application (4.5ms)
Completed 200 OK in 31ms (Views: 30.0ms | ActiveRecord: 0.0ms)


Started POST "/users" for ::1 at 2017-05-04 22:34:41 -0400
Processing by Devise::RegistrationsController#create as HTML
  Parameters: {"utf8"=>"✓", "authenticity_token"=>"33Cq2nuF89I1yeRe2HBqc0+/JqAK4k6tlQI29ZYR9tW3AoBKu06SDHbWGlRFaEP9wJrXJRs629t/HhmpP0OZ5g==", "user"=>{"email"=>"sungminro92@gmail.com", "password"=>"[FILTERED]", "password_confirmation"=>"[FILTERED]"}, "commit"=>"Sign up"}
  [1m[35m (0.1ms)[0m  [1m[35mBEGIN[0m
  [1m[36mUser Exists (0.3ms)[0m  [1m[34mSELECT  1 AS one FROM "users" WHERE "users"."email" = $1 LIMIT $2[0m  [["email", "sungminro92@gmail.com"], ["LIMIT", 1]]
  [1m[35mSQL (0.6ms)[0m  [1m[32mINSERT INTO "users" ("email", "encrypted_password", "created_at", "updated_at") VALUES ($1, $2, $3, $4) RETURNING "id"[0m  [["email", "sungminro92@gmail.com"], ["encrypted_password", "$2a$11$PNsTWw6v1jSAwYB6d/rorOz1PrDXSl0v0mvJpioutphgMfMRCrgTy"], ["created_at", 2017-05-05 02:34:41 UTC], ["updated_at", 2017-05-05 02:34:41 UTC]]
  [1m[35m (5.8ms)[0m  [1m[35mCOMMIT[0m
  [1m[35m (0.1ms)[0m  [1m[35mBEGIN[0m
  [1m[35mSQL (0.3ms)[0m  [1m[33mUPDATE "users" SET "sign_in_count" = $1, "current_sign_in_at" = $2, "last_sign_in_at" = $3, "current_sign_in_ip" = $4, "last_sign_in_ip" = $5, "updated_at" = $6 WHERE "users"."id" = $7[0m  [["sign_in_count", 1], ["current_sign_in_at", 2017-05-05 02:34:41 UTC], ["last_sign_in_at", 2017-05-05 02:34:41 UTC], ["current_sign_in_ip", "::1/128"], ["last_sign_in_ip", "::1/128"], ["updated_at", 2017-05-05 02:34:41 UTC], ["id", 1]]
  [1m[35m (5.4ms)[0m  [1m[35mCOMMIT[0m
Redirected to http://localhost:3000/
Completed 302 Found in 165ms (ActiveRecord: 12.6ms)


Started GET "/" for ::1 at 2017-05-04 22:34:41 -0400
Processing by ClientController#index as HTML
  [1m[36mUser Load (0.3ms)[0m  [1m[34mSELECT  "users".* FROM "users" WHERE "users"."id" = $1 ORDER BY "users"."id" ASC LIMIT $2[0m  [["id", 1], ["LIMIT", 1]]
  Rendering client/index.html.erb
  Rendered client/index.html.erb (25.6ms)
Completed 200 OK in 30ms (Views: 27.1ms | ActiveRecord: 0.3ms)


Started GET "/" for ::1 at 2017-05-04 23:09:34 -0400
  [1m[36mActiveRecord::SchemaMigration Load (0.2ms)[0m  [1m[34mSELECT "schema_migrations".* FROM "schema_migrations"[0m
  
ActiveRecord::PendingMigrationError (

Migrations are pending. To resolve this issue, run:

        bin/rails db:migrate RAILS_ENV=development

):
  
activerecord (5.0.2) lib/active_record/migration.rb:573:in `check_pending!'
activerecord (5.0.2) lib/active_record/migration.rb:549:in `call'
actionpack (5.0.2) lib/action_dispatch/middleware/callbacks.rb:38:in `block in call'
activesupport (5.0.2) lib/active_support/callbacks.rb:97:in `__run_callbacks__'
activesupport (5.0.2) lib/active_support/callbacks.rb:750:in `_run_call_callbacks'
activesupport (5.0.2) lib/active_support/callbacks.rb:90:in `run_callbacks'
actionpack (5.0.2) lib/action_dispatch/middleware/callbacks.rb:36:in `call'
actionpack (5.0.2) lib/action_dispatch/middleware/executor.rb:12:in `call'
actionpack (5.0.2) lib/action_dispatch/middleware/remote_ip.rb:79:in `call'
actionpack (5.0.2) lib/action_dispatch/middleware/debug_exceptions.rb:49:in `call'
web-console (3.5.0) lib/web_console/middleware.rb:135:in `call_app'
web-console (3.5.0) lib/web_console/middleware.rb:28:in `block in call'
web-console (3.5.0) lib/web_console/middleware.rb:18:in `catch'
web-console (3.5.0) lib/web_console/middleware.rb:18:in `call'
actionpack (5.0.2) lib/action_dispatch/middleware/show_exceptions.rb:31:in `call'
railties (5.0.2) lib/rails/rack/logger.rb:36:in `call_app'
railties (5.0.2) lib/rails/rack/logger.rb:24:in `block in call'
activesupport (5.0.2) lib/active_support/tagged_logging.rb:69:in `block in tagged'
activesupport (5.0.2) lib/active_support/tagged_logging.rb:26:in `tagged'
activesupport (5.0.2) lib/active_support/tagged_logging.rb:69:in `tagged'
railties (5.0.2) lib/rails/rack/logger.rb:24:in `call'
sprockets-rails (3.2.0) lib/sprockets/rails/quiet_assets.rb:13:in `call'
actionpack (5.0.2) lib/action_dispatch/middleware/request_id.rb:24:in `call'
rack (2.0.1) lib/rack/method_override.rb:22:in `call'
rack (2.0.1) lib/rack/runtime.rb:22:in `call'
activesupport (5.0.2) lib/active_support/cache/strategy/local_cache_middleware.rb:28:in `call'
actionpack (5.0.2) lib/action_dispatch/middleware/executor.rb:12:in `call'
actionpack (5.0.2) lib/action_dispatch/middleware/static.rb:136:in `call'
rack (2.0.1) lib/rack/sendfile.rb:111:in `call'
railties (5.0.2) lib/rails/engine.rb:522:in `call'
puma (3.8.2) lib/puma/configuration.rb:224:in `call'
puma (3.8.2) lib/puma/server.rb:600:in `handle_request'
puma (3.8.2) lib/puma/server.rb:435:in `process_client'
puma (3.8.2) lib/puma/server.rb:299:in `block in run'
puma (3.8.2) lib/puma/thread_pool.rb:120:in `block in spawn_thread'
  Rendering /Users/sungminnie/.rbenv/versions/2.4.1/lib/ruby/gems/2.4.0/gems/actionpack-5.0.2/lib/action_dispatch/middleware/templates/rescues/diagnostics.html.erb within rescues/layout
  Rendering /Users/sungminnie/.rbenv/versions/2.4.1/lib/ruby/gems/2.4.0/gems/actionpack-5.0.2/lib/action_dispatch/middleware/templates/rescues/_source.html.erb
  Rendered /Users/sungminnie/.rbenv/versions/2.4.1/lib/ruby/gems/2.4.0/gems/actionpack-5.0.2/lib/action_dispatch/middleware/templates/rescues/_source.html.erb (2.3ms)
  Rendering /Users/sungminnie/.rbenv/versions/2.4.1/lib/ruby/gems/2.4.0/gems/actionpack-5.0.2/lib/action_dispatch/middleware/templates/rescues/_trace.html.erb
  Rendered /Users/sungminnie/.rbenv/versions/2.4.1/lib/ruby/gems/2.4.0/gems/actionpack-5.0.2/lib/action_dispatch/middleware/templates/rescues/_trace.html.erb (1.4ms)
  Rendering /Users/sungminnie/.rbenv/versions/2.4.1/lib/ruby/gems/2.4.0/gems/actionpack-5.0.2/lib/action_dispatch/middleware/templates/rescues/_request_and_response.html.erb
  Rendered /Users/sungminnie/.rbenv/versions/2.4.1/lib/ruby/gems/2.4.0/gems/actionpack-5.0.2/lib/action_dispatch/middleware/templates/rescues/_request_and_response.html.erb (0.8ms)
  Rendered /Users/sungminnie/.rbenv/versions/2.4.1/lib/ruby/gems/2.4.0/gems/actionpack-5.0.2/lib/action_dispatch/middleware/templates/rescues/diagnostics.html.erb within rescues/layout (82.6ms)
  [1m[35m (0.2ms)[0m  [1m[34mSELECT pg_try_advisory_lock(8698490731321766340);[0m
  [1m[36mActiveRecord::SchemaMigration Load (0.4ms)[0m  [1m[34mSELECT "schema_migrations".* FROM "schema_migrations"[0m
Migrating to CreatePlants (20170505024211)
  [1m[35m (0.1ms)[0m  [1m[35mBEGIN[0m
  [1m[35m (27.0ms)[0m  [1m[35mCREATE TABLE "plants" ("id" serial primary key, "name" character varying, "description" text, "color" character varying, "days_to_water" integer, "img_url" character varying, "created_at" timestamp NOT NULL, "updated_at" timestamp NOT NULL)[0m
  [1m[35mSQL (0.3ms)[0m  [1m[32mINSERT INTO "schema_migrations" ("version") VALUES ($1) RETURNING "version"[0m  [["version", "20170505024211"]]
  [1m[35m (0.5ms)[0m  [1m[35mCOMMIT[0m
Migrating to CreateGardenPlants (20170505025158)
  [1m[35m (0.1ms)[0m  [1m[35mBEGIN[0m
  [1m[35m (1.6ms)[0m  [1m[35mCREATE TABLE "garden_plants" ("id" serial primary key, "created_at" timestamp NOT NULL, "updated_at" timestamp NOT NULL)[0m
  [1m[35mSQL (0.2ms)[0m  [1m[32mINSERT INTO "schema_migrations" ("version") VALUES ($1) RETURNING "version"[0m  [["version", "20170505025158"]]
  [1m[35m (0.2ms)[0m  [1m[35mCOMMIT[0m
Migrating to CreatePosts (20170505030311)
  [1m[35m (0.2ms)[0m  [1m[35mBEGIN[0m
  [1m[35m (3.5ms)[0m  [1m[35mCREATE TABLE "posts" ("id" serial primary key, "title" character varying, "description" text, "img_url" character varying, "created_at" timestamp NOT NULL, "updated_at" timestamp NOT NULL)[0m
  [1m[35mSQL (0.3ms)[0m  [1m[32mINSERT INTO "schema_migrations" ("version") VALUES ($1) RETURNING "version"[0m  [["version", "20170505030311"]]
  [1m[35m (0.3ms)[0m  [1m[35mCOMMIT[0m
Migrating to CreateComments (20170505030754)
  [1m[35m (0.2ms)[0m  [1m[35mBEGIN[0m
  [1m[35m (25.4ms)[0m  [1m[35mCREATE TABLE "comments" ("id" serial primary key, "content" text, "created_at" timestamp NOT NULL, "updated_at" timestamp NOT NULL)[0m
  [1m[35mSQL (0.2ms)[0m  [1m[32mINSERT INTO "schema_migrations" ("version") VALUES ($1) RETURNING "version"[0m  [["version", "20170505030754"]]
  [1m[35m (4.4ms)[0m  [1m[35mCOMMIT[0m
  [1m[36mActiveRecord::InternalMetadata Load (0.3ms)[0m  [1m[34mSELECT  "ar_internal_metadata".* FROM "ar_internal_metadata" WHERE "ar_internal_metadata"."key" = $1 LIMIT $2[0m  [["key", :environment], ["LIMIT", 1]]
  [1m[35m (0.2ms)[0m  [1m[35mBEGIN[0m
  [1m[35m (0.1ms)[0m  [1m[35mCOMMIT[0m
  [1m[35m (0.2ms)[0m  [1m[34mSELECT pg_advisory_unlock(8698490731321766340)[0m
  [1m[36mActiveRecord::SchemaMigration Load (0.1ms)[0m  [1m[34mSELECT "schema_migrations".* FROM "schema_migrations"[0m
Started GET "/" for ::1 at 2017-05-04 23:09:48 -0400
  [1m[36mActiveRecord::SchemaMigration Load (0.2ms)[0m  [1m[34mSELECT "schema_migrations".* FROM "schema_migrations"[0m
Processing by ClientController#index as HTML
  [1m[36mUser Load (0.2ms)[0m  [1m[34mSELECT  "users".* FROM "users" WHERE "users"."id" = $1 ORDER BY "users"."id" ASC LIMIT $2[0m  [["id", 1], ["LIMIT", 1]]
  Rendering client/index.html.erb
  Rendered client/index.html.erb (329.4ms)
Completed 200 OK in 348ms (Views: 331.0ms | ActiveRecord: 3.2ms)


